TN:
SF:src/context/context.tsx
FN:12,DependenciesContextProvider
FNF:1
FNH:1
FNDA:1,DependenciesContextProvider
DA:1,1
DA:2,1
DA:3,1
DA:4,1
DA:5,1
DA:6,1
DA:7,1
DA:8,1
DA:9,1
DA:10,1
DA:11,1
DA:12,1
DA:13,1
DA:14,1
DA:15,1
DA:16,1
DA:17,1
DA:18,1
DA:19,1
DA:20,1
DA:21,1
DA:22,1
DA:23,1
DA:24,1
DA:25,1
DA:26,1
DA:27,1
LF:27
LH:27
BRDA:12,0,0,1
BRF:1
BRH:1
end_of_record
TN:
SF:src/core/usecases/get-product-details.ts
FN:3,getProductDetails
FNF:1
FNH:1
FNDA:2,getProductDetails
DA:1,1
DA:2,1
DA:3,1
DA:4,2
DA:5,2
DA:6,2
DA:7,2
DA:8,2
DA:9,2
DA:10,1
DA:11,1
DA:12,1
DA:13,1
DA:14,2
LF:14
LH:14
BRDA:3,0,0,2
BRDA:9,1,0,1
BRF:2
BRH:2
end_of_record
TN:
SF:src/core/usecases/get-products.ts
FN:3,getProducts
FNF:1
FNH:1
FNDA:3,getProducts
DA:1,1
DA:2,1
DA:3,1
DA:4,3
DA:5,3
DA:6,3
DA:7,2
DA:8,2
DA:9,1
DA:10,1
DA:11,1
DA:12,1
DA:13,3
LF:13
LH:13
BRDA:3,0,0,3
BRDA:6,1,0,2
BRDA:8,2,0,1
BRF:3
BRH:3
end_of_record
TN:
SF:src/hooks/useDependencies.ts
FN:4,useDependencies
FNF:1
FNH:1
FNDA:2,useDependencies
DA:1,1
DA:2,1
DA:3,1
DA:4,1
LF:4
LH:4
BRDA:4,0,0,2
BRF:1
BRH:1
end_of_record
TN:
SF:src/infrastructure/adapters/in-memory-product-gateway.ts
FN:5,<instance_members_initializer>
FN:10,feedWithApiProducts
FN:13,feedWithError
FN:17,reset
FN:21,getAllProducts
FN:30,getProductByID
FNF:6
FNH:6
FNDA:2,<instance_members_initializer>
FNDA:2,feedWithApiProducts
FNDA:2,feedWithError
FNDA:1,reset
FNDA:3,getAllProducts
FNDA:2,getProductByID
DA:1,1
DA:2,1
DA:3,1
DA:4,1
DA:5,1
DA:6,2
DA:7,2
DA:8,2
DA:9,2
DA:10,2
DA:11,2
DA:12,2
DA:13,2
DA:14,2
DA:15,2
DA:16,2
DA:17,2
DA:18,1
DA:19,1
DA:20,2
DA:21,2
DA:22,3
DA:23,1
DA:24,1
DA:25,2
DA:26,4
DA:27,2
DA:28,3
DA:29,2
DA:30,2
DA:31,2
DA:32,1
DA:33,1
DA:34,1
DA:35,1
DA:36,1
DA:37,2
DA:38,2
LF:38
LH:38
BRDA:5,0,0,2
BRDA:10,1,0,2
BRDA:13,2,0,2
BRDA:17,3,0,1
BRDA:21,4,0,3
BRDA:22,5,0,2
BRDA:22,6,0,1
BRDA:25,7,0,4
BRDA:30,8,0,2
BRDA:31,9,0,1
BRDA:34,10,0,2
BRF:11
BRH:11
end_of_record
TN:
SF:src/infrastructure/mappers/product.mapper.ts
FN:4,<static_initializer>
FN:4,deserializeProductApi
FNF:2
FNH:2
FNDA:2,<static_initializer>
FNDA:5,deserializeProductApi
DA:1,1
DA:2,1
DA:3,1
DA:4,1
DA:5,5
DA:6,5
DA:7,5
DA:8,5
DA:9,5
DA:10,5
DA:11,5
DA:12,5
DA:13,1
LF:13
LH:13
BRDA:4,0,0,2
BRDA:4,1,0,5
BRF:2
BRH:2
end_of_record
TN:
SF:src/pages/Products/Products.stories.tsx
FN:12,Template
FNF:1
FNH:1
FNDA:1,Template
DA:1,1
DA:2,1
DA:3,1
DA:4,1
DA:5,1
DA:6,1
DA:7,1
DA:8,1
DA:9,1
DA:10,1
DA:11,1
DA:12,1
DA:13,1
DA:14,1
DA:15,1
DA:16,1
DA:17,1
DA:18,1
LF:18
LH:18
BRDA:12,0,0,1
BRF:1
BRH:1
end_of_record
TN:
SF:src/pages/Products/Products.tsx
FN:5,Products
FN:10,queryFn
FNF:2
FNH:2
FNDA:2,Products
FNDA:1,queryFn
DA:1,1
DA:2,1
DA:3,1
DA:4,1
DA:5,1
DA:6,2
DA:7,2
DA:8,2
DA:9,2
DA:10,2
DA:11,1
DA:12,1
DA:13,1
DA:14,2
DA:15,2
DA:16,2
DA:17,2
DA:18,2
DA:19,2
DA:20,2
DA:21,2
DA:22,1
DA:23,1
DA:24,2
DA:25,2
DA:26,2
DA:27,2
DA:28,1
DA:29,2
DA:30,2
DA:31,2
LF:31
LH:31
BRDA:5,0,0,2
BRDA:19,1,0,1
BRDA:21,2,0,1
BRDA:22,3,0,1
BRDA:10,4,0,1
BRDA:23,5,0,2
BRF:6
BRH:6
end_of_record
